{"/Users/nskryabin/Git/eventz/index.js":{"path":"/Users/nskryabin/Git/eventz/index.js","s":{"1":16,"2":16,"3":16,"4":16,"5":16,"6":23,"7":23,"8":27,"9":23,"10":27,"11":26,"12":26,"13":26,"14":1,"15":26,"16":3,"17":3,"18":3,"19":3,"20":80,"21":80,"22":16,"23":1,"24":27,"25":27,"26":25,"27":2,"28":108,"29":108,"30":27,"31":27,"32":25,"33":25,"34":28,"35":1,"36":27,"37":27,"38":1,"39":28,"40":2,"41":2,"42":1,"43":1,"44":1,"45":1,"46":26,"47":28,"48":28,"49":26,"50":26,"51":26,"52":26,"53":26,"54":26,"55":26,"56":1,"57":53,"58":3,"59":2,"60":1,"61":50,"62":26,"63":26,"64":26,"65":26,"66":26,"67":16,"68":16,"69":20,"70":20,"71":20,"72":3,"73":1,"74":1,"75":1,"76":1,"77":3,"78":3,"79":1,"80":1,"81":1,"82":2,"83":1,"84":1,"85":2,"86":3,"87":3,"88":3,"89":1,"90":1,"91":2,"92":2,"93":2,"94":1},"b":{"1":[16,15,0],"2":[16,15],"3":[26,1],"4":[1,15],"5":[25,2],"6":[25,23],"7":[108,107],"8":[25,2],"9":[27,26],"10":[1,27],"11":[1,26],"12":[27,2],"13":[2,26],"14":[2,1],"15":[1,1],"16":[26,0],"17":[26,0],"18":[26,25],"19":[26,0],"20":[1,25],"21":[3,50],"22":[2,1],"23":[2,0],"24":[1,1],"25":[26,20],"26":[26,22],"27":[26,24],"28":[26,24],"29":[16,0],"30":[1,2],"31":[1,0],"32":[3,0],"33":[1,2],"34":[1,0],"35":[1,1],"36":[3,0],"37":[1,2]},"f":{"1":16,"2":23,"3":27,"4":3,"5":80,"6":16,"7":27,"8":108,"9":27,"10":28,"11":28,"12":26,"13":53,"14":26,"15":16,"16":3,"17":3,"18":3},"fnMap":{"1":{"name":"(anonymous_1)","line":2,"loc":{"start":{"line":2,"column":13},"end":{"line":5,"column":10}}},"2":{"name":"(anonymous_2)","line":18,"loc":{"start":{"line":18,"column":6},"end":{"line":18,"column":20}}},"3":{"name":"(anonymous_3)","line":26,"loc":{"start":{"line":26,"column":4},"end":{"line":26,"column":19}}},"4":{"name":"(anonymous_4)","line":36,"loc":{"start":{"line":36,"column":5},"end":{"line":36,"column":20}}},"5":{"name":"(anonymous_5)","line":44,"loc":{"start":{"line":44,"column":9},"end":{"line":44,"column":22}}},"6":{"name":"(anonymous_6)","line":49,"loc":{"start":{"line":49,"column":15},"end":{"line":49,"column":32}}},"7":{"name":"(anonymous_7)","line":59,"loc":{"start":{"line":59,"column":15},"end":{"line":59,"column":25}}},"8":{"name":"(anonymous_8)","line":68,"loc":{"start":{"line":68,"column":12},"end":{"line":68,"column":26}}},"9":{"name":"(anonymous_9)","line":73,"loc":{"start":{"line":73,"column":14},"end":{"line":73,"column":27}}},"10":{"name":"(anonymous_10)","line":88,"loc":{"start":{"line":88,"column":18},"end":{"line":88,"column":34}}},"11":{"name":"(anonymous_11)","line":103,"loc":{"start":{"line":103,"column":14},"end":{"line":103,"column":36}}},"12":{"name":"(anonymous_12)","line":108,"loc":{"start":{"line":108,"column":12},"end":{"line":108,"column":27}}},"13":{"name":"(anonymous_13)","line":125,"loc":{"start":{"line":125,"column":13},"end":{"line":125,"column":25}}},"14":{"name":"(anonymous_14)","line":137,"loc":{"start":{"line":137,"column":16},"end":{"line":137,"column":36}}},"15":{"name":"(anonymous_15)","line":146,"loc":{"start":{"line":146,"column":14},"end":{"line":146,"column":16}}},"16":{"name":"(anonymous_16)","line":156,"loc":{"start":{"line":156,"column":18},"end":{"line":156,"column":38}}},"17":{"name":"(anonymous_17)","line":166,"loc":{"start":{"line":166,"column":14},"end":{"line":166,"column":31}}},"18":{"name":"(anonymous_18)","line":184,"loc":{"start":{"line":184,"column":18},"end":{"line":184,"column":38}}}},"statementMap":{"1":{"start":{"line":6,"column":4},"end":{"line":6,"column":66}},"2":{"start":{"line":7,"column":4},"end":{"line":7,"column":41}},"3":{"start":{"line":8,"column":4},"end":{"line":12,"column":41}},"4":{"start":{"line":14,"column":4},"end":{"line":14,"column":23}},"5":{"start":{"line":15,"column":4},"end":{"line":15,"column":39}},"6":{"start":{"line":19,"column":4},"end":{"line":19,"column":33}},"7":{"start":{"line":20,"column":4},"end":{"line":22,"column":5}},"8":{"start":{"line":21,"column":6},"end":{"line":21,"column":36}},"9":{"start":{"line":23,"column":4},"end":{"line":23,"column":15}},"10":{"start":{"line":27,"column":4},"end":{"line":32,"column":50}},"11":{"start":{"line":28,"column":6},"end":{"line":28,"column":35}},"12":{"start":{"line":29,"column":6},"end":{"line":31,"column":7}},"13":{"start":{"line":30,"column":8},"end":{"line":30,"column":40}},"14":{"start":{"line":32,"column":12},"end":{"line":32,"column":49}},"15":{"start":{"line":33,"column":4},"end":{"line":33,"column":15}},"16":{"start":{"line":37,"column":4},"end":{"line":37,"column":33}},"17":{"start":{"line":38,"column":4},"end":{"line":38,"column":66}},"18":{"start":{"line":38,"column":30},"end":{"line":38,"column":65}},"19":{"start":{"line":39,"column":4},"end":{"line":39,"column":15}},"20":{"start":{"line":45,"column":4},"end":{"line":45,"column":65}},"21":{"start":{"line":46,"column":4},"end":{"line":46,"column":15}},"22":{"start":{"line":50,"column":4},"end":{"line":56,"column":5}},"23":{"start":{"line":51,"column":6},"end":{"line":55,"column":8}},"24":{"start":{"line":60,"column":4},"end":{"line":60,"column":54}},"25":{"start":{"line":61,"column":4},"end":{"line":65,"column":5}},"26":{"start":{"line":62,"column":6},"end":{"line":62,"column":62}},"27":{"start":{"line":64,"column":6},"end":{"line":64,"column":35}},"28":{"start":{"line":69,"column":4},"end":{"line":69,"column":43}},"29":{"start":{"line":70,"column":4},"end":{"line":70,"column":43}},"30":{"start":{"line":74,"column":4},"end":{"line":76,"column":68}},"31":{"start":{"line":78,"column":4},"end":{"line":85,"column":5}},"32":{"start":{"line":79,"column":6},"end":{"line":79,"column":41}},"33":{"start":{"line":80,"column":6},"end":{"line":84,"column":7}},"34":{"start":{"line":81,"column":8},"end":{"line":81,"column":58}},"35":{"start":{"line":81,"column":50},"end":{"line":81,"column":58}},"36":{"start":{"line":82,"column":8},"end":{"line":82,"column":60}},"37":{"start":{"line":83,"column":8},"end":{"line":83,"column":49}},"38":{"start":{"line":83,"column":43},"end":{"line":83,"column":49}},"39":{"start":{"line":89,"column":4},"end":{"line":100,"column":5}},"40":{"start":{"line":90,"column":6},"end":{"line":90,"column":52}},"41":{"start":{"line":91,"column":6},"end":{"line":97,"column":7}},"42":{"start":{"line":92,"column":8},"end":{"line":92,"column":19}},"43":{"start":{"line":94,"column":8},"end":{"line":94,"column":28}},"44":{"start":{"line":95,"column":8},"end":{"line":95,"column":36}},"45":{"start":{"line":96,"column":8},"end":{"line":96,"column":20}},"46":{"start":{"line":99,"column":6},"end":{"line":99,"column":18}},"47":{"start":{"line":104,"column":4},"end":{"line":104,"column":39}},"48":{"start":{"line":105,"column":4},"end":{"line":105,"column":47}},"49":{"start":{"line":109,"column":4},"end":{"line":113,"column":71}},"50":{"start":{"line":115,"column":4},"end":{"line":122,"column":5}},"51":{"start":{"line":116,"column":6},"end":{"line":116,"column":28}},"52":{"start":{"line":117,"column":6},"end":{"line":117,"column":38}},"53":{"start":{"line":118,"column":6},"end":{"line":118,"column":43}},"54":{"start":{"line":119,"column":6},"end":{"line":119,"column":52}},"55":{"start":{"line":121,"column":6},"end":{"line":121,"column":71}},"56":{"start":{"line":121,"column":23},"end":{"line":121,"column":70}},"57":{"start":{"line":126,"column":4},"end":{"line":134,"column":5}},"58":{"start":{"line":127,"column":6},"end":{"line":131,"column":7}},"59":{"start":{"line":128,"column":8},"end":{"line":128,"column":43}},"60":{"start":{"line":130,"column":8},"end":{"line":130,"column":51}},"61":{"start":{"line":133,"column":6},"end":{"line":133,"column":17}},"62":{"start":{"line":138,"column":4},"end":{"line":138,"column":65}},"63":{"start":{"line":139,"column":4},"end":{"line":139,"column":76}},"64":{"start":{"line":141,"column":4},"end":{"line":141,"column":27}},"65":{"start":{"line":142,"column":4},"end":{"line":142,"column":52}},"66":{"start":{"line":143,"column":4},"end":{"line":143,"column":47}},"67":{"start":{"line":147,"column":4},"end":{"line":153,"column":5}},"68":{"start":{"line":148,"column":6},"end":{"line":152,"column":7}},"69":{"start":{"line":149,"column":8},"end":{"line":149,"column":49}},"70":{"start":{"line":150,"column":8},"end":{"line":150,"column":49}},"71":{"start":{"line":151,"column":8},"end":{"line":151,"column":39}},"72":{"start":{"line":157,"column":4},"end":{"line":163,"column":5}},"73":{"start":{"line":158,"column":6},"end":{"line":158,"column":46}},"74":{"start":{"line":159,"column":6},"end":{"line":162,"column":7}},"75":{"start":{"line":161,"column":8},"end":{"line":161,"column":51}},"76":{"start":{"line":161,"column":23},"end":{"line":161,"column":50}},"77":{"start":{"line":167,"column":4},"end":{"line":168,"column":73}},"78":{"start":{"line":170,"column":4},"end":{"line":181,"column":5}},"79":{"start":{"line":171,"column":6},"end":{"line":171,"column":46}},"80":{"start":{"line":171,"column":21},"end":{"line":171,"column":46}},"81":{"start":{"line":173,"column":6},"end":{"line":173,"column":54}},"82":{"start":{"line":175,"column":6},"end":{"line":178,"column":7}},"83":{"start":{"line":176,"column":8},"end":{"line":176,"column":33}},"84":{"start":{"line":177,"column":8},"end":{"line":177,"column":34}},"85":{"start":{"line":180,"column":6},"end":{"line":180,"column":44}},"86":{"start":{"line":185,"column":4},"end":{"line":185,"column":54}},"87":{"start":{"line":187,"column":4},"end":{"line":197,"column":5}},"88":{"start":{"line":188,"column":6},"end":{"line":196,"column":7}},"89":{"start":{"line":189,"column":8},"end":{"line":189,"column":60}},"90":{"start":{"line":190,"column":8},"end":{"line":190,"column":34}},"91":{"start":{"line":192,"column":8},"end":{"line":194,"column":9}},"92":{"start":{"line":193,"column":10},"end":{"line":193,"column":44}},"93":{"start":{"line":195,"column":8},"end":{"line":195,"column":37}},"94":{"start":{"line":201,"column":0},"end":{"line":201,"column":23}}},"branchMap":{"1":{"line":6,"type":"binary-expr","locations":[{"start":{"line":6,"column":34},"end":{"line":6,"column":49}},{"start":{"line":6,"column":53},"end":{"line":6,"column":59}},{"start":{"line":6,"column":63},"end":{"line":6,"column":65}}]},"2":{"line":7,"type":"binary-expr","locations":[{"start":{"line":7,"column":26},"end":{"line":7,"column":33}},{"start":{"line":7,"column":37},"end":{"line":7,"column":41}}]},"3":{"line":27,"type":"if","locations":[{"start":{"line":27,"column":4},"end":{"line":27,"column":4}},{"start":{"line":27,"column":4},"end":{"line":27,"column":4}}]},"4":{"line":50,"type":"if","locations":[{"start":{"line":50,"column":4},"end":{"line":50,"column":4}},{"start":{"line":50,"column":4},"end":{"line":50,"column":4}}]},"5":{"line":61,"type":"if","locations":[{"start":{"line":61,"column":4},"end":{"line":61,"column":4}},{"start":{"line":61,"column":4},"end":{"line":61,"column":4}}]},"6":{"line":62,"type":"binary-expr","locations":[{"start":{"line":62,"column":13},"end":{"line":62,"column":36}},{"start":{"line":62,"column":40},"end":{"line":62,"column":62}}]},"7":{"line":70,"type":"binary-expr","locations":[{"start":{"line":70,"column":11},"end":{"line":70,"column":20}},{"start":{"line":70,"column":24},"end":{"line":70,"column":43}}]},"8":{"line":78,"type":"if","locations":[{"start":{"line":78,"column":4},"end":{"line":78,"column":4}},{"start":{"line":78,"column":4},"end":{"line":78,"column":4}}]},"9":{"line":78,"type":"binary-expr","locations":[{"start":{"line":78,"column":7},"end":{"line":78,"column":16}},{"start":{"line":78,"column":20},"end":{"line":78,"column":38}}]},"10":{"line":81,"type":"if","locations":[{"start":{"line":81,"column":8},"end":{"line":81,"column":8}},{"start":{"line":81,"column":8},"end":{"line":81,"column":8}}]},"11":{"line":83,"type":"if","locations":[{"start":{"line":83,"column":8},"end":{"line":83,"column":8}},{"start":{"line":83,"column":8},"end":{"line":83,"column":8}}]},"12":{"line":83,"type":"binary-expr","locations":[{"start":{"line":83,"column":11},"end":{"line":83,"column":21}},{"start":{"line":83,"column":25},"end":{"line":83,"column":41}}]},"13":{"line":89,"type":"if","locations":[{"start":{"line":89,"column":4},"end":{"line":89,"column":4}},{"start":{"line":89,"column":4},"end":{"line":89,"column":4}}]},"14":{"line":90,"type":"binary-expr","locations":[{"start":{"line":90,"column":21},"end":{"line":90,"column":41}},{"start":{"line":90,"column":45},"end":{"line":90,"column":52}}]},"15":{"line":91,"type":"if","locations":[{"start":{"line":91,"column":6},"end":{"line":91,"column":6}},{"start":{"line":91,"column":6},"end":{"line":91,"column":6}}]},"16":{"line":111,"type":"binary-expr","locations":[{"start":{"line":111,"column":34},"end":{"line":111,"column":56}},{"start":{"line":111,"column":65},"end":{"line":111,"column":72}}]},"17":{"line":112,"type":"binary-expr","locations":[{"start":{"line":112,"column":34},"end":{"line":112,"column":57}},{"start":{"line":112,"column":65},"end":{"line":112,"column":81}}]},"18":{"line":113,"type":"binary-expr","locations":[{"start":{"line":113,"column":34},"end":{"line":113,"column":56}},{"start":{"line":113,"column":65},"end":{"line":113,"column":70}}]},"19":{"line":115,"type":"if","locations":[{"start":{"line":115,"column":4},"end":{"line":115,"column":4}},{"start":{"line":115,"column":4},"end":{"line":115,"column":4}}]},"20":{"line":121,"type":"if","locations":[{"start":{"line":121,"column":6},"end":{"line":121,"column":6}},{"start":{"line":121,"column":6},"end":{"line":121,"column":6}}]},"21":{"line":126,"type":"if","locations":[{"start":{"line":126,"column":4},"end":{"line":126,"column":4}},{"start":{"line":126,"column":4},"end":{"line":126,"column":4}}]},"22":{"line":127,"type":"if","locations":[{"start":{"line":127,"column":6},"end":{"line":127,"column":6}},{"start":{"line":127,"column":6},"end":{"line":127,"column":6}}]},"23":{"line":128,"type":"binary-expr","locations":[{"start":{"line":128,"column":15},"end":{"line":128,"column":37}},{"start":{"line":128,"column":41},"end":{"line":128,"column":43}}]},"24":{"line":130,"type":"binary-expr","locations":[{"start":{"line":130,"column":15},"end":{"line":130,"column":43}},{"start":{"line":130,"column":47},"end":{"line":130,"column":51}}]},"25":{"line":138,"type":"binary-expr","locations":[{"start":{"line":138,"column":28},"end":{"line":138,"column":54}},{"start":{"line":138,"column":58},"end":{"line":138,"column":65}}]},"26":{"line":139,"type":"binary-expr","locations":[{"start":{"line":139,"column":28},"end":{"line":139,"column":65}},{"start":{"line":139,"column":69},"end":{"line":139,"column":76}}]},"27":{"line":139,"type":"binary-expr","locations":[{"start":{"line":139,"column":48},"end":{"line":139,"column":50}},{"start":{"line":139,"column":54},"end":{"line":139,"column":64}}]},"28":{"line":142,"type":"binary-expr","locations":[{"start":{"line":142,"column":24},"end":{"line":142,"column":26}},{"start":{"line":142,"column":30},"end":{"line":142,"column":40}}]},"29":{"line":147,"type":"if","locations":[{"start":{"line":147,"column":4},"end":{"line":147,"column":4}},{"start":{"line":147,"column":4},"end":{"line":147,"column":4}}]},"30":{"line":157,"type":"if","locations":[{"start":{"line":157,"column":4},"end":{"line":157,"column":4}},{"start":{"line":157,"column":4},"end":{"line":157,"column":4}}]},"31":{"line":161,"type":"if","locations":[{"start":{"line":161,"column":8},"end":{"line":161,"column":8}},{"start":{"line":161,"column":8},"end":{"line":161,"column":8}}]},"32":{"line":168,"type":"binary-expr","locations":[{"start":{"line":168,"column":34},"end":{"line":168,"column":56}},{"start":{"line":168,"column":65},"end":{"line":168,"column":72}}]},"33":{"line":170,"type":"if","locations":[{"start":{"line":170,"column":4},"end":{"line":170,"column":4}},{"start":{"line":170,"column":4},"end":{"line":170,"column":4}}]},"34":{"line":171,"type":"if","locations":[{"start":{"line":171,"column":6},"end":{"line":171,"column":6}},{"start":{"line":171,"column":6},"end":{"line":171,"column":6}}]},"35":{"line":175,"type":"if","locations":[{"start":{"line":175,"column":6},"end":{"line":175,"column":6}},{"start":{"line":175,"column":6},"end":{"line":175,"column":6}}]},"36":{"line":187,"type":"if","locations":[{"start":{"line":187,"column":4},"end":{"line":187,"column":4}},{"start":{"line":187,"column":4},"end":{"line":187,"column":4}}]},"37":{"line":188,"type":"if","locations":[{"start":{"line":188,"column":6},"end":{"line":188,"column":6}},{"start":{"line":188,"column":6},"end":{"line":188,"column":6}}]}}}}