TN:
SF:/Users/nskryabin/Git/eventz/index.js
FN:2,(anonymous_1)
FN:18,(anonymous_2)
FN:26,(anonymous_3)
FN:36,(anonymous_4)
FN:44,(anonymous_5)
FN:49,(anonymous_6)
FN:59,(anonymous_7)
FN:68,(anonymous_8)
FN:73,(anonymous_9)
FN:88,(anonymous_10)
FN:103,(anonymous_11)
FN:108,(anonymous_12)
FN:125,(anonymous_13)
FN:137,(anonymous_14)
FN:146,(anonymous_15)
FN:156,(anonymous_16)
FN:166,(anonymous_17)
FN:184,(anonymous_18)
FNF:18
FNH:18
FNDA:16,(anonymous_1)
FNDA:23,(anonymous_2)
FNDA:27,(anonymous_3)
FNDA:3,(anonymous_4)
FNDA:80,(anonymous_5)
FNDA:16,(anonymous_6)
FNDA:27,(anonymous_7)
FNDA:108,(anonymous_8)
FNDA:27,(anonymous_9)
FNDA:28,(anonymous_10)
FNDA:28,(anonymous_11)
FNDA:26,(anonymous_12)
FNDA:53,(anonymous_13)
FNDA:26,(anonymous_14)
FNDA:16,(anonymous_15)
FNDA:3,(anonymous_16)
FNDA:3,(anonymous_17)
FNDA:3,(anonymous_18)
DA:6,16
DA:7,16
DA:8,16
DA:14,16
DA:15,16
DA:19,23
DA:20,23
DA:21,27
DA:23,23
DA:27,27
DA:28,26
DA:29,26
DA:30,26
DA:32,1
DA:33,26
DA:37,3
DA:38,3
DA:39,3
DA:45,80
DA:46,80
DA:50,16
DA:51,1
DA:60,27
DA:61,27
DA:62,25
DA:64,2
DA:69,108
DA:70,108
DA:74,27
DA:78,27
DA:79,25
DA:80,25
DA:81,28
DA:82,27
DA:83,27
DA:89,28
DA:90,2
DA:91,2
DA:92,1
DA:94,1
DA:95,1
DA:96,1
DA:99,26
DA:104,28
DA:105,28
DA:109,26
DA:115,26
DA:116,26
DA:117,26
DA:118,26
DA:119,26
DA:121,26
DA:126,53
DA:127,3
DA:128,2
DA:130,1
DA:133,50
DA:138,26
DA:139,26
DA:141,26
DA:142,26
DA:143,26
DA:147,16
DA:148,16
DA:149,20
DA:150,20
DA:151,20
DA:157,3
DA:158,1
DA:159,1
DA:161,1
DA:167,3
DA:170,3
DA:171,1
DA:173,1
DA:175,2
DA:176,1
DA:177,1
DA:180,2
DA:185,3
DA:187,3
DA:188,3
DA:189,1
DA:190,1
DA:192,2
DA:193,2
DA:195,2
DA:201,1
LF:88
LH:88
BRDA:6,1,0,16
BRDA:6,1,1,15
BRDA:6,1,2,0
BRDA:7,2,0,16
BRDA:7,2,1,15
BRDA:27,3,0,26
BRDA:27,3,1,1
BRDA:50,4,0,1
BRDA:50,4,1,15
BRDA:61,5,0,25
BRDA:61,5,1,2
BRDA:62,6,0,25
BRDA:62,6,1,23
BRDA:70,7,0,108
BRDA:70,7,1,107
BRDA:78,8,0,25
BRDA:78,8,1,2
BRDA:78,9,0,27
BRDA:78,9,1,26
BRDA:81,10,0,1
BRDA:81,10,1,27
BRDA:83,11,0,1
BRDA:83,11,1,26
BRDA:83,12,0,27
BRDA:83,12,1,2
BRDA:89,13,0,2
BRDA:89,13,1,26
BRDA:90,14,0,2
BRDA:90,14,1,1
BRDA:91,15,0,1
BRDA:91,15,1,1
BRDA:111,16,0,26
BRDA:111,16,1,0
BRDA:112,17,0,26
BRDA:112,17,1,0
BRDA:113,18,0,26
BRDA:113,18,1,25
BRDA:115,19,0,26
BRDA:115,19,1,0
BRDA:121,20,0,1
BRDA:121,20,1,25
BRDA:126,21,0,3
BRDA:126,21,1,50
BRDA:127,22,0,2
BRDA:127,22,1,1
BRDA:128,23,0,2
BRDA:128,23,1,0
BRDA:130,24,0,1
BRDA:130,24,1,1
BRDA:138,25,0,26
BRDA:138,25,1,20
BRDA:139,26,0,26
BRDA:139,26,1,22
BRDA:139,27,0,26
BRDA:139,27,1,24
BRDA:142,28,0,26
BRDA:142,28,1,24
BRDA:147,29,0,16
BRDA:147,29,1,0
BRDA:157,30,0,1
BRDA:157,30,1,2
BRDA:161,31,0,1
BRDA:161,31,1,0
BRDA:168,32,0,3
BRDA:168,32,1,0
BRDA:170,33,0,1
BRDA:170,33,1,2
BRDA:171,34,0,1
BRDA:171,34,1,0
BRDA:175,35,0,1
BRDA:175,35,1,1
BRDA:187,36,0,3
BRDA:187,36,1,0
BRDA:188,37,0,1
BRDA:188,37,1,2
BRF:75
BRH:65
end_of_record
